<?xml version="1.0" encoding="UTF-8"?>
<Site BuildName="Linux-clang++"
	BuildStamp="20230730-0130-Experimental"
	Name="alex"
	Generator="ctest-3.27.1"
	CompilerName="/usr/bin/clang++"
	CompilerVersion="15.0.7"
	OSName="Linux"
	Hostname="alex"
	OSRelease="6.4.5-x64v2-xanmod1-1"
	OSVersion="#1 SMP PREEMPT_DYNAMIC Tue, 25 Jul 2023 04:44:32 +0000"
	OSPlatform="x86_64"
	Is64Bits="1"
	VendorString="AuthenticAMD"
	VendorID="Advanced Micro Devices"
	FamilyID="23"
	ModelID="17"
	ProcessorCacheSize="512"
	NumberOfLogicalCPU="4"
	NumberOfPhysicalCPU="4"
	TotalVirtualMemory="13915"
	TotalPhysicalMemory="13916"
	LogicalProcessorsPerPhysical="1"
	ProcessorClockFrequency="3668.48"
	>
	<Testing>
		<StartDateTime>Jul 30 07:08 IST</StartDateTime>
		<StartTestTime>1690681128</StartTestTime>
		<TestList/>
		<EndDateTime>Jul 30 07:08 IST</EndDateTime>
		<EndTestTime>1690681128</EndTestTime>
		<ElapsedMinutes>0</ElapsedMinutes>
	</Testing>
</Site>
